

times in msec
 clock   self+sourced   self:  sourced script
 clock   elapsed:              other lines

000.003  000.003: --- VIM STARTING ---
000.098  000.095: Allocated generic buffers
000.163  000.065: locale set
000.177  000.014: GUI prepared
000.182  000.005: clipboard setup
000.188  000.006: window checked
000.820  000.632: inits 1
000.886  000.066: parsing arguments
000.889  000.003: expanding arguments
000.897  000.008: shell init
001.227  000.330: Termcap init
001.325  000.098: inits 2
001.460  000.135: init highlight
001.817  000.280  000.280: sourcing /usr/share/vim/vim80/debian.vim
001.857  000.365  000.085: sourcing $VIM/vimrc
003.424  000.348  000.348: sourcing /usr/share/vim/vim80/syntax/syncolor.vim
003.617  000.604  000.256: sourcing /usr/share/vim/vim80/syntax/synload.vim
010.494  006.833  006.833: sourcing /usr/share/vim/vim80/filetype.vim
010.538  007.590  000.153: sourcing /usr/share/vim/vim80/syntax/syntax.vim
010.969  000.183  000.183: sourcing /usr/share/vim/vim80/syntax/syncolor.vim
011.260  000.164  000.164: sourcing /usr/share/vim/vim80/syntax/syncolor.vim
011.613  000.170  000.170: sourcing /usr/share/vim/vim80/syntax/syncolor.vim
012.076  001.508  000.991: sourcing /home/vagrant/.vim/colors/material.vim
013.983  001.765  001.765: sourcing /home/vagrant/.vim/autoload/plug.vim
018.986  002.251  002.251: sourcing /usr/share/vim/vim80/ftoff.vim
020.414  000.044  000.044: sourcing /home/vagrant/.vim/bundle/vim-markdown/ftdetect/markdown.vim
027.109  000.018  000.018: sourcing /home/vagrant/.vim/bundle/ultisnips/ftdetect/snippets.vim
027.423  005.587  005.569: sourcing /usr/share/vim/vim80/filetype.vim
027.577  000.036  000.036: sourcing /usr/share/vim/vim80/ftplugin.vim
027.716  000.028  000.028: sourcing /usr/share/vim/vim80/indent.vim
028.621  000.573  000.573: sourcing /usr/share/vim/vim80/pack/dist/opt/matchit/plugin/matchit.vim
028.656  000.798  000.225: sourcing /usr/share/vim/vim80/macros/matchit.vim
029.209  027.331  007.724: sourcing $HOME/.vimrc
029.214  000.058: sourcing vimrc file(s)
029.678  000.206  000.206: sourcing /home/vagrant/.vim/plugin/indentmotion.vim
029.858  000.169  000.169: sourcing /home/vagrant/.vim/plugin/qfsign.vim
029.875  000.006  000.006: sourcing /home/vagrant/.vim/plugin/settings/autopairs.vim
030.000  000.118  000.118: sourcing /home/vagrant/.vim/plugin/settings/completion.vim
030.078  000.067  000.067: sourcing /home/vagrant/.vim/plugin/settings/easymotion.vim
030.190  000.102  000.102: sourcing /home/vagrant/.vim/plugin/settings/gitgutter.vim
030.229  000.025  000.025: sourcing /home/vagrant/.vim/plugin/settings/netrw.vim
030.818  000.520  000.520: sourcing /home/vagrant/.vim/bundle/FastFold/plugin/fastfold.vim
031.412  000.095  000.095: sourcing /home/vagrant/.vim/bundle/vim-gitgutter/autoload/gitgutter/highlight.vim
032.234  001.363  001.268: sourcing /home/vagrant/.vim/bundle/vim-gitgutter/plugin/gitgutter.vim
032.461  000.051  000.051: sourcing /home/vagrant/.vim/bundle/neocomplete.vim/plugin/neocomplete/buffer.vim
032.511  000.039  000.039: sourcing /home/vagrant/.vim/bundle/neocomplete.vim/plugin/neocomplete/dictionary.vim
032.558  000.039  000.039: sourcing /home/vagrant/.vim/bundle/neocomplete.vim/plugin/neocomplete/member.vim
032.601  000.034  000.034: sourcing /home/vagrant/.vim/bundle/neocomplete.vim/plugin/neocomplete/tag.vim
032.751  000.141  000.141: sourcing /home/vagrant/.vim/bundle/neocomplete.vim/plugin/neocomplete.vim
033.066  000.070  000.070: sourcing /home/vagrant/.vim/bundle/ultisnips/autoload/UltiSnips/map_keys.vim
033.246  000.445  000.375: sourcing /home/vagrant/.vim/bundle/ultisnips/plugin/UltiSnips.vim
040.894  007.544  007.544: sourcing /home/vagrant/.vim/bundle/vim-easymotion/plugin/EasyMotion.vim
041.456  000.466  000.466: sourcing /home/vagrant/.vim/bundle/vim-tmux-navigator/plugin/tmux_navigator.vim
042.058  000.531  000.531: sourcing /home/vagrant/.vim/bundle/auto-pairs/plugin/auto-pairs.vim
042.839  000.728  000.728: sourcing /home/vagrant/.vim/bundle/vim-surround/plugin/surround.vim
047.094  004.200  004.200: sourcing /home/vagrant/.vim/bundle/vim-unimpaired/plugin/unimpaired.vim
047.503  000.297  000.297: sourcing /home/vagrant/.vim/bundle/vim-commentary/plugin/commentary.vim
051.649  004.096  004.096: sourcing /home/vagrant/.vim/bundle/vim-fugitive/plugin/fugitive.vim
051.886  000.158  000.158: sourcing /home/vagrant/.vim/bundle/vim-obsession/plugin/obsession.vim
052.191  000.248  000.248: sourcing /home/vagrant/.vim/bundle/vim-dispatch/plugin/dispatch.vim
052.758  000.372  000.372: sourcing /home/vagrant/.vim/bundle/vim-qf/plugin/qf.vim
053.188  000.383  000.383: sourcing /home/vagrant/.vim/bundle/vim-dirvish/plugin/dirvish.vim
054.119  000.875  000.875: sourcing /home/vagrant/.vim/bundle/traces.vim/plugin/traces.vim
054.852  000.663  000.663: sourcing /home/vagrant/.fzf/plugin/fzf.vim
055.932  001.026  001.026: sourcing /home/vagrant/.vim/bundle/fzf.vim/plugin/fzf.vim
056.217  000.225  000.225: sourcing /home/vagrant/.vim/bundle/vim-gutentags/plugin/gutentags.vim
056.527  000.067  000.067: sourcing /usr/share/vim/vim80/plugin/getscriptPlugin.vim
056.729  000.191  000.191: sourcing /usr/share/vim/vim80/plugin/gzip.vim
057.051  000.313  000.313: sourcing /usr/share/vim/vim80/plugin/logiPat.vim
057.096  000.014  000.014: sourcing /usr/share/vim/vim80/plugin/manpager.vim
057.343  000.238  000.238: sourcing /usr/share/vim/vim80/plugin/matchparen.vim
057.374  000.018  000.018: sourcing /usr/share/vim/vim80/plugin/netrwPlugin.vim
057.428  000.046  000.046: sourcing /usr/share/vim/vim80/plugin/rrhelper.vim
057.465  000.029  000.029: sourcing /usr/share/vim/vim80/plugin/spellfile.vim
057.671  000.198  000.198: sourcing /usr/share/vim/vim80/plugin/tarPlugin.vim
057.773  000.092  000.092: sourcing /usr/share/vim/vim80/plugin/tohtml.vim
058.020  000.237  000.237: sourcing /usr/share/vim/vim80/plugin/vimballPlugin.vim
058.259  000.214  000.214: sourcing /usr/share/vim/vim80/plugin/zipPlugin.vim
058.391  000.026  000.026: sourcing /usr/share/vim/vim80/pack/dist/opt/matchit/plugin/matchit.vim
058.396  002.362: loading plugins
058.435  000.039: loading packages
058.663  000.162  000.162: sourcing /home/vagrant/.vim/bundle/ultisnips/after/plugin/UltiSnips_after.vim
058.861  000.141  000.141: sourcing /home/vagrant/.vim/after/plugin/statusline.vim
058.864  000.126: loading after plugins
058.878  000.014: inits 3
059.161  000.283: reading viminfo
089.481  030.320: setup clipboard
089.645  000.164: setting raw mode
089.749  000.104: start termcap
089.765  000.016: clearing screen
104.276  001.216  001.216: sourcing /usr/share/vim/vim80/syntax/lua.vim
105.288  000.586  000.586: sourcing /usr/share/vim/vim80/syntax/pod.vim
108.013  003.571  002.985: sourcing /usr/share/vim/vim80/syntax/perl.vim
111.374  003.114  003.114: sourcing /usr/share/vim/vim80/syntax/ruby.vim
112.253  000.748  000.748: sourcing /usr/share/vim/vim80/syntax/python.vim
113.563  021.461  012.812: sourcing /usr/share/vim/vim80/syntax/vim.vim
115.813  000.230  000.230: sourcing /home/vagrant/.vim/bundle/neco-vim/plugin/necovim.vim
118.009  000.807  000.807: sourcing /usr/share/vim/vim80/ftplugin/vim.vim
119.210  000.544  000.544: sourcing /home/vagrant/.vim/after/ftplugin/vim.vim
119.894  000.224  000.224: sourcing /usr/share/vim/vim80/indent/vim.vim
121.889  000.721  000.721: sourcing /usr/share/vim/vim80/ftplugin/vim.vim
122.902  000.465  000.465: sourcing /home/vagrant/.vim/after/ftplugin/vim.vim
123.332  000.075  000.075: sourcing /usr/share/vim/vim80/indent/vim.vim
124.916  001.243  001.243: sourcing /home/vagrant/.vim/bundle/neco-vim/autoload/necovim/helper.vim
130.396  000.435  000.435: sourcing /home/vagrant/.vim/bundle/vim-gutentags/autoload/gutentags.vim
131.650  000.294  000.294: sourcing /home/vagrant/.vim/bundle/vim-gutentags/autoload/gutentags/ctags.vim
138.333  022.069: opening buffers
138.657  000.229  000.229: sourcing /home/vagrant/.vim/bundle/vim-gitgutter/autoload/gitgutter.vim
138.902  000.196  000.196: sourcing /home/vagrant/.vim/bundle/vim-gitgutter/autoload/gitgutter/utility.vim
139.155  000.138  000.138: sourcing /home/vagrant/.vim/bundle/vim-gitgutter/autoload/gitgutter/hunk.vim
140.209  001.313: BufEnter autocommands
140.214  000.005: editing files in windows
142.209  000.136  000.136: sourcing /home/vagrant/.vim/bundle/vim-qf/autoload/qf.vim
142.268  001.918: VimEnter autocommands
142.304  000.036: before starting main loop
155.946  013.642: first screen update
155.949  000.003: --- VIM STARTED ---
